#
# There is insufficient memory for the Java Runtime Environment to continue.
# Native memory allocation (malloc) failed to allocate 1070064 bytes for Chunk::new
# Possible reasons:
#   The system is out of physical RAM or swap space
#   In 32 bit mode, the process size limit was hit
# Possible solutions:
#   Reduce memory load on the system
#   Increase physical memory or swap space
#   Check if swap backing store is full
#   Use 64 bit Java on a 64 bit OS
#   Decrease Java heap size (-Xmx/-Xms)
#   Decrease number of Java threads
#   Decrease Java thread stack sizes (-Xss)
#   Set larger code cache with -XX:ReservedCodeCacheSize=
# This output file may be truncated or incomplete.
#
#  Out of Memory Error (allocation.cpp:390), pid=9360, tid=12340
#
# JRE version: Java(TM) SE Runtime Environment (8.0_40-b25) (build 1.8.0_40-b25)
# Java VM: Java HotSpot(TM) 64-Bit Server VM (25.40-b25 mixed mode windows-amd64 compressed oops)
# Failed to write core dump. Minidumps are not enabled by default on client versions of Windows
#

---------------  T H R E A D  ---------------

Current thread (0x0000000014ddf800):  JavaThread "C2 CompilerThread0" daemon [_thread_in_native, id=12340, stack(0x0000000016340000,0x0000000016440000)]

Stack: [0x0000000016340000,0x0000000016440000]
Native frames: (J=compiled Java code, j=interpreted, Vv=VM code, C=native code)
V  [jvm.dll+0x32b47a]
V  [jvm.dll+0x2797f3]
V  [jvm.dll+0x27a489]
V  [jvm.dll+0x2717a5]
V  [jvm.dll+0xcb9a2]
V  [jvm.dll+0xcbe6c]
V  [jvm.dll+0x4929a7]
V  [jvm.dll+0x45f94a]
V  [jvm.dll+0x46a73b]
V  [jvm.dll+0x46cd52]
V  [jvm.dll+0x4500d2]
V  [jvm.dll+0xa4312]
V  [jvm.dll+0xa4c4f]
V  [jvm.dll+0x241914]
V  [jvm.dll+0x29848a]
C  [msvcr100.dll+0x21d9f]
C  [msvcr100.dll+0x21e3b]
C  [KERNEL32.DLL+0x13dc4]
C  [ntdll.dll+0x73691]


Current CompileTask:
C2:  12994 4364   !   4       org.springframework.core.annotation.AnnotationUtils::findAnnotation (171 bytes)


---------------  P R O C E S S  ---------------

Java Threads: ( => current thread )
  0x0000000019bc1800 JavaThread "container-0" [_thread_blocked, id=8196, stack(0x000000001ef70000,0x000000001f070000)]
  0x0000000019bc5800 JavaThread "Catalina-utility-2" [_thread_blocked, id=5192, stack(0x000000001ee70000,0x000000001ef70000)]
  0x0000000019bc4800 JavaThread "Catalina-utility-1" [_thread_blocked, id=1384, stack(0x000000001ed70000,0x000000001ee70000)]
  0x0000000019bc2800 JavaThread "SimplePauseDetectorThread_0" daemon [_thread_blocked, id=14332, stack(0x000000001eb30000,0x000000001ec30000)]
  0x0000000019bc7000 JavaThread "Thread-7" daemon [_thread_blocked, id=12984, stack(0x000000001d980000,0x000000001da80000)]
  0x0000000017199000 JavaThread "restartedMain" [_thread_in_Java, id=6112, stack(0x0000000018650000,0x0000000018750000)]
  0x00000000170f7000 JavaThread "Thread-0" [_thread_blocked, id=8608, stack(0x0000000018550000,0x0000000018650000)]
  0x0000000014e3e000 JavaThread "Service Thread" daemon [_thread_blocked, id=13396, stack(0x0000000016a40000,0x0000000016b40000)]
  0x0000000014dec800 JavaThread "C1 CompilerThread2" daemon [_thread_in_vm, id=8180, stack(0x0000000016540000,0x0000000016640000)]
  0x0000000014de5800 JavaThread "C2 CompilerThread1" daemon [_thread_in_native, id=2088, stack(0x0000000016440000,0x0000000016540000)]
=>0x0000000014ddf800 JavaThread "C2 CompilerThread0" daemon [_thread_in_native, id=12340, stack(0x0000000016340000,0x0000000016440000)]
  0x0000000014dde000 JavaThread "Attach Listener" daemon [_thread_blocked, id=7956, stack(0x0000000016240000,0x0000000016340000)]
  0x0000000014ddd000 JavaThread "Signal Dispatcher" daemon [_thread_blocked, id=9020, stack(0x0000000016140000,0x0000000016240000)]
  0x00000000027ba000 JavaThread "Finalizer" daemon [_thread_blocked, id=9080, stack(0x0000000016040000,0x0000000016140000)]
  0x00000000027b1000 JavaThread "Reference Handler" daemon [_thread_blocked, id=13156, stack(0x0000000015f40000,0x0000000016040000)]
  0x00000000026c4800 JavaThread "main" [_thread_blocked, id=10572, stack(0x00000000025c0000,0x00000000026c0000)]

Other Threads:
  0x0000000014da7800 VMThread [stack: 0x0000000015e40000,0x0000000015f40000] [id=6752]
  0x000000001667e800 WatcherThread [stack: 0x0000000016b40000,0x0000000016c40000] [id=10532]

VM state:not at safepoint (normal execution)

VM Mutex/Monitor currently owned by a thread:  ([mutex/lock_event])
[0x00000000026c45e0] CompiledIC_lock - owner thread: 0x0000000014dec800

Heap:
 PSYoungGen      total 202752K, used 78037K [0x00000000eb100000, 0x00000000f8e80000, 0x0000000100000000)
  eden space 190976K, 40% used [0x00000000eb100000,0x00000000efd356d0,0x00000000f6b80000)
  from space 11776K, 0% used [0x00000000f7c00000,0x00000000f7c00000,0x00000000f8780000)
  to   space 16896K, 0% used [0x00000000f6b80000,0x00000000f6b80000,0x00000000f7c00000)
 ParOldGen       total 55808K, used 25933K [0x00000000c1200000, 0x00000000c4880000, 0x00000000eb100000)
  object space 55808K, 46% used [0x00000000c1200000,0x00000000c2b53788,0x00000000c4880000)
 Metaspace       used 39206K, capacity 41095K, committed 41336K, reserved 1085440K
  class space    used 5082K, capacity 5440K, committed 5496K, reserved 1048576K

Card table byte_map: [0x0000000011b80000,0x0000000011d80000] byte_map_base: 0x0000000011577000

Marking Bits: (ParMarkBitMap*) 0x0000000059164040
 Begin Bits: [0x00000000122d0000, 0x0000000013288000)
 End Bits:   [0x0000000013288000, 0x0000000014240000)

Polling page: 0x0000000000500000

CodeCache: size=245760Kb used=14830Kb max_used=15271Kb free=230929Kb
 bounds [0x00000000027c0000, 0x00000000036c0000, 0x00000000117c0000]
 total_blobs=4571 nmethods=4145 adapters=338
 compilation: enabled

Compilation events (10 events):
Event: 12.707 Thread 0x0000000014dec800 4481       1       sun.reflect.generics.reflectiveObjects.TypeVariableImpl::getName (5 bytes)
Event: 12.707 Thread 0x0000000014dec800 nmethod 4481 0x0000000003698390 code [0x00000000036984e0, 0x00000000036985f0]
Event: 12.708 Thread 0x0000000014dec800 4482       3       org.springframework.core.ResolvableType::getSuperType (45 bytes)
Event: 12.709 Thread 0x0000000014dec800 nmethod 4482 0x000000000369a590 code [0x000000000369a7e0, 0x000000000369b588]
Event: 12.713 Thread 0x0000000014dec800 4485       3       java.lang.reflect.Field::set (52 bytes)
Event: 12.714 Thread 0x0000000014dec800 nmethod 4485 0x0000000003697950 code [0x0000000003697b20, 0x0000000003698168]
Event: 12.720 Thread 0x0000000014de5800 nmethod 4477 0x000000000369ebd0 code [0x000000000369ed60, 0x000000000369f248]
Event: 12.720 Thread 0x0000000014dec800 4487   !   3       java.util.ArrayList$Itr::remove (68 bytes)
Event: 12.720 Thread 0x0000000014de5800 4483       4       org.springframework.util.ReflectionUtils$$Lambda$160/1477311695::doWith (11 bytes)
Event: 12.721 Thread 0x0000000014dec800 nmethod 4487 0x000000000369e190 code [0x000000000369e340, 0x000000000369e918]

GC Heap History (10 events):
Event: 3.177 GC heap before
{Heap before GC invocations=8 (full 0):
 PSYoungGen      total 73216K, used 4347K [0x00000000eb100000, 0x00000000f4000000, 0x0000000100000000)
  eden space 64512K, 1% used [0x00000000eb100000,0x00000000eb234d08,0x00000000ef000000)
  from space 8704K, 35% used [0x00000000ef000000,0x00000000ef30a0b0,0x00000000ef880000)
  to   space 8704K, 0% used [0x00000000f3780000,0x00000000f3780000,0x00000000f4000000)
 ParOldGen       total 44032K, used 11394K [0x00000000c1200000, 0x00000000c3d00000, 0x00000000eb100000)
  object space 44032K, 25% used [0x00000000c1200000,0x00000000c1d20ad0,0x00000000c3d00000)
 Metaspace       used 21312K, capacity 21882K, committed 21960K, reserved 1069056K
  class space    used 2719K, capacity 2903K, committed 2940K, reserved 1048576K
Event: 3.189 GC heap after
Heap after GC invocations=8 (full 0):
 PSYoungGen      total 137728K, used 2144K [0x00000000eb100000, 0x00000000f4000000, 0x0000000100000000)
  eden space 129024K, 0% used [0x00000000eb100000,0x00000000eb100000,0x00000000f2f00000)
  from space 8704K, 24% used [0x00000000f3780000,0x00000000f3998000,0x00000000f4000000)
  to   space 8704K, 0% used [0x00000000f2f00000,0x00000000f2f00000,0x00000000f3780000)
 ParOldGen       total 44032K, used 12104K [0x00000000c1200000, 0x00000000c3d00000, 0x00000000eb100000)
  object space 44032K, 27% used [0x00000000c1200000,0x00000000c1dd21a8,0x00000000c3d00000)
 Metaspace       used 21312K, capacity 21882K, committed 21960K, reserved 1069056K
  class space    used 2719K, capacity 2903K, committed 2940K, reserved 1048576K
}
Event: 3.189 GC heap before
{Heap before GC invocations=9 (full 1):
 PSYoungGen      total 137728K, used 2144K [0x00000000eb100000, 0x00000000f4000000, 0x0000000100000000)
  eden space 129024K, 0% used [0x00000000eb100000,0x00000000eb100000,0x00000000f2f00000)
  from space 8704K, 24% used [0x00000000f3780000,0x00000000f3998000,0x00000000f4000000)
  to   space 8704K, 0% used [0x00000000f2f00000,0x00000000f2f00000,0x00000000f3780000)
 ParOldGen       total 44032K, used 12104K [0x00000000c1200000, 0x00000000c3d00000, 0x00000000eb100000)
  object space 44032K, 27% used [0x00000000c1200000,0x00000000c1dd21a8,0x00000000c3d00000)
 Metaspace       used 21312K, capacity 21882K, committed 21960K, reserved 1069056K
  class space    used 2719K, capacity 2903K, committed 2940K, reserved 1048576K
Event: 3.251 GC heap after
Heap after GC invocations=9 (full 1):
 PSYoungGen      total 137728K, used 0K [0x00000000eb100000, 0x00000000f4000000, 0x0000000100000000)
  eden space 129024K, 0% used [0x00000000eb100000,0x00000000eb100000,0x00000000f2f00000)
  from space 8704K, 0% used [0x00000000f3780000,0x00000000f3780000,0x00000000f4000000)
  to   space 8704K, 0% used [0x00000000f2f00000,0x00000000f2f00000,0x00000000f3780000)
 ParOldGen       total 28160K, used 5009K [0x00000000c1200000, 0x00000000c2d80000, 0x00000000eb100000)
  object space 28160K, 17% used [0x00000000c1200000,0x00000000c16e4440,0x00000000c2d80000)
 Metaspace       used 21312K, capacity 21882K, committed 21960K, reserved 1069056K
  class space    used 2719K, capacity 2903K, committed 2940K, reserved 1048576K
}
Event: 7.356 GC heap before
{Heap before GC invocations=10 (full 1):
 PSYoungGen      total 137728K, used 129024K [0x00000000eb100000, 0x00000000f4000000, 0x0000000100000000)
  eden space 129024K, 100% used [0x00000000eb100000,0x00000000f2f00000,0x00000000f2f00000)
  from space 8704K, 0% used [0x00000000f3780000,0x00000000f3780000,0x00000000f4000000)
  to   space 8704K, 0% used [0x00000000f2f00000,0x00000000f2f00000,0x00000000f3780000)
 ParOldGen       total 28160K, used 5009K [0x00000000c1200000, 0x00000000c2d80000, 0x00000000eb100000)
  object space 28160K, 17% used [0x00000000c1200000,0x00000000c16e4440,0x00000000c2d80000)
 Metaspace       used 28630K, capacity 29576K, committed 29820K, reserved 1075200K
  class space    used 3679K, capacity 3920K, committed 3964K, reserved 1048576K
Event: 7.393 GC heap after
Heap after GC invocations=10 (full 1):
 PSYoungGen      total 137728K, used 8672K [0x00000000eb100000, 0x00000000f8780000, 0x0000000100000000)
  eden space 129024K, 0% used [0x00000000eb100000,0x00000000eb100000,0x00000000f2f00000)
  from space 8704K, 99% used [0x00000000f2f00000,0x00000000f3778380,0x00000000f3780000)
  to   space 11776K, 0% used [0x00000000f7c00000,0x00000000f7c00000,0x00000000f8780000)
 ParOldGen       total 28160K, used 8923K [0x00000000c1200000, 0x00000000c2d80000, 0x00000000eb100000)
  object space 28160K, 31% used [0x00000000c1200000,0x00000000c1ab6f78,0x00000000c2d80000)
 Metaspace       used 28630K, capacity 29576K, committed 29820K, reserved 1075200K
  class space    used 3679K, capacity 3920K, committed 3964K, reserved 1048576K
}
Event: 10.519 GC heap before
{Heap before GC invocations=11 (full 1):
 PSYoungGen      total 137728K, used 132108K [0x00000000eb100000, 0x00000000f8780000, 0x0000000100000000)
  eden space 129024K, 95% used [0x00000000eb100000,0x00000000f298ae30,0x00000000f2f00000)
  from space 8704K, 99% used [0x00000000f2f00000,0x00000000f3778380,0x00000000f3780000)
  to   space 11776K, 0% used [0x00000000f7c00000,0x00000000f7c00000,0x00000000f8780000)
 ParOldGen       total 28160K, used 8923K [0x00000000c1200000, 0x00000000c2d80000, 0x00000000eb100000)
  object space 28160K, 31% used [0x00000000c1200000,0x00000000c1ab6f78,0x00000000c2d80000)
 Metaspace       used 34934K, capacity 36509K, committed 36600K, reserved 1081344K
  class space    used 4478K, capacity 4765K, committed 4856K, reserved 1048576K
Event: 10.556 GC heap after
Heap after GC invocations=11 (full 1):
 PSYoungGen      total 202752K, used 11760K [0x00000000eb100000, 0x00000000f8e80000, 0x0000000100000000)
  eden space 190976K, 0% used [0x00000000eb100000,0x00000000eb100000,0x00000000f6b80000)
  from space 11776K, 99% used [0x00000000f7c00000,0x00000000f877c190,0x00000000f8780000)
  to   space 16896K, 0% used [0x00000000f6b80000,0x00000000f6b80000,0x00000000f7c00000)
 ParOldGen       total 28160K, used 18761K [0x00000000c1200000, 0x00000000c2d80000, 0x00000000eb100000)
  object space 28160K, 66% used [0x00000000c1200000,0x00000000c2452710,0x00000000c2d80000)
 Metaspace       used 34934K, capacity 36509K, committed 36600K, reserved 1081344K
  class space    used 4478K, capacity 4765K, committed 4856K, reserved 1048576K
}
Event: 10.556 GC heap before
{Heap before GC invocations=12 (full 2):
 PSYoungGen      total 202752K, used 11760K [0x00000000eb100000, 0x00000000f8e80000, 0x0000000100000000)
  eden space 190976K, 0% used [0x00000000eb100000,0x00000000eb100000,0x00000000f6b80000)
  from space 11776K, 99% used [0x00000000f7c00000,0x00000000f877c190,0x00000000f8780000)
  to   space 16896K, 0% used [0x00000000f6b80000,0x00000000f6b80000,0x00000000f7c00000)
 ParOldGen       total 28160K, used 18761K [0x00000000c1200000, 0x00000000c2d80000, 0x00000000eb100000)
  object space 28160K, 66% used [0x00000000c1200000,0x00000000c2452710,0x00000000c2d80000)
 Metaspace       used 34934K, capacity 36509K, committed 36600K, reserved 1081344K
  class space    used 4478K, capacity 4765K, committed 4856K, reserved 1048576K
Event: 10.692 GC heap after
Heap after GC invocations=12 (full 2):
 PSYoungGen      total 202752K, used 0K [0x00000000eb100000, 0x00000000f8e80000, 0x0000000100000000)
  eden space 190976K, 0% used [0x00000000eb100000,0x00000000eb100000,0x00000000f6b80000)
  from space 11776K, 0% used [0x00000000f7c00000,0x00000000f7c00000,0x00000000f8780000)
  to   space 16896K, 0% used [0x00000000f6b80000,0x00000000f6b80000,0x00000000f7c00000)
 ParOldGen       total 55808K, used 25933K [0x00000000c1200000, 0x00000000c4880000, 0x00000000eb100000)
  object space 55808K, 46% used [0x00000000c1200000,0x00000000c2b53788,0x00000000c4880000)
 Metaspace       used 34934K, capacity 36509K, committed 36600K, reserved 1081344K
  class space    used 4478K, capacity 4765K, committed 4856K, reserved 1048576K
}

Deoptimization events (10 events):
Event: 11.889 Thread 0x0000000017199000 Uncommon trap: reason=class_check action=maybe_recompile pc=0x000000000313e354 method=java.util.AbstractList$Itr.hasNext()Z @ 8
Event: 11.889 Thread 0x0000000017199000 Uncommon trap: reason=class_check action=maybe_recompile pc=0x000000000294c444 method=java.util.AbstractList$Itr.next()Ljava/lang/Object; @ 14
Event: 12.457 Thread 0x0000000017199000 Uncommon trap: reason=class_check action=maybe_recompile pc=0x00000000034dd218 method=org.springframework.core.annotation.AnnotationUtils.getDeclaredAnnotations(Ljava/lang/reflect/AnnotatedElement;)[Ljava/lang/annotation/Annotation; @ 33
Event: 12.526 Thread 0x0000000017199000 Uncommon trap: reason=unstable_if action=reinterpret pc=0x00000000031caac8 method=org.springframework.util.StringUtils.collectionToDelimitedString(Ljava/util/Collection;Ljava/lang/String;Ljava/lang/String;Ljava/lang/String;)Ljava/lang/String; @ 4
Event: 12.601 Thread 0x0000000017199000 Uncommon trap: reason=unstable_if action=reinterpret pc=0x0000000003519388 method=org.springframework.beans.factory.support.AbstractBeanFactory.isTypeMatch(Ljava/lang/String;Lorg/springframework/core/ResolvableType;)Z @ 253
Event: 12.668 Thread 0x0000000017199000 Uncommon trap: reason=unstable_if action=reinterpret pc=0x00000000033cb0c4 method=java.util.HashMap.putMapEntries(Ljava/util/Map;Z)V @ 53
Event: 12.707 Thread 0x0000000017199000 Uncommon trap: reason=class_check action=maybe_recompile pc=0x00000000035c3af0 method=sun.reflect.generics.reflectiveObjects.TypeVariableImpl.hashCode()I @ 4
Event: 12.707 Thread 0x0000000017199000 Uncommon trap: reason=class_check action=maybe_recompile pc=0x00000000035c3af0 method=sun.reflect.generics.reflectiveObjects.TypeVariableImpl.hashCode()I @ 4
Event: 12.707 Thread 0x0000000017199000 Uncommon trap: reason=class_check action=maybe_recompile pc=0x00000000035c3af0 method=sun.reflect.generics.reflectiveObjects.TypeVariableImpl.hashCode()I @ 4
Event: 12.707 Thread 0x0000000017199000 Uncommon trap: reason=class_check action=maybe_recompile pc=0x00000000035c3af0 method=sun.reflect.generics.reflectiveObjects.TypeVariableImpl.hashCode()I @ 4

Internal exceptions (10 events):
Event: 12.570 Thread 0x0000000017199000 Exception <a 'java/lang/ClassNotFoundException': org/springframework/web/servlet/config/annotation/DelegatingWebMvcConfigurationCustomizer> (0x00000000eea05bf0) thrown at [D:\re\workspace\8-2-build-windows-amd64-cygwin\jdk8u40\2855\hotspot\src\share\vm\claœí»/v$)@
Event: 12.571 Thread 0x0000000017199000 Exception <a 'java/lang/ClassNotFoundException': org/springframework/boot/autoconfigure/web/servlet/WebMvcAutoConfiguration$EnableWebMvcConfigurationCustomizer> (0x00000000eea29f00) thrown at [D:\re\workspace\8-2-build-windows-amd64-cygwin\jdk8u40\2855\hot\PûÚ&)@
Event: 12.576 Thread 0x0000000017199000 Exception <a 'java/lang/ClassNotFoundException': org/springframework/boot/autoconfigure/web/servlet/WebMvcAutoConfiguration$EnableWebMvcConfiguration$$EnhancerBySpringCGLIB$$9a1c9880Customizer> (0x00000000eea58be0) thrown at [D:\re\workspace\8-2-build-windS–;Fº()@
Event: 12.580 Thread 0x0000000017199000 Exception <a 'java/lang/ClassNotFoundException': org/springframework/context/annotation/ConfigurationClassEnhancer$EnhancedConfigurationCustomizer> (0x00000000eea94db0) thrown at [D:\re\workspace\8-2-build-windows-amd64-cygwin\jdk8u40\2855\hotspot\src\sharèQjÃ))@
Event: 12.580 Thread 0x0000000017199000 Exception <a 'java/lang/ClassNotFoundException': org/springframework/beans/factory/BeanFactoryAwareCustomizer> (0x00000000eeaa89b0) thrown at [D:\re\workspace\8-2-build-windows-amd64-cygwin\jdk8u40\2855\hotspot\src\share\vm\classfile\systemDictionary.cpp, ¬ÇF–))@
Event: 12.581 Thread 0x0000000017199000 Exception <a 'java/lang/ClassNotFoundException': org/springframework/beans/factory/AwareCustomizer> (0x00000000eeabb0c8) thrown at [D:\re\workspace\8-2-build-windows-amd64-cygwin\jdk8u40\2855\hotspot\src\share\vm\classfile\systemDictionary.cpp, line 210]
Event: 12.582 Thread 0x0000000017199000 Exception <a 'java/lang/ClassNotFoundException': org/springframework/context/ApplicationContextAwareCustomizer> (0x00000000eeacf090) thrown at [D:\re\workspace\8-2-build-windows-amd64-cygwin\jdk8u40\2855\hotspot\src\share\vm\classfile\systemDictionary.cpp,<åwŠ*)@
Event: 12.583 Thread 0x0000000017199000 Exception <a 'java/lang/ClassNotFoundException': org/springframework/beans/factory/AwareCustomizer> (0x00000000eeae18a8) thrown at [D:\re\workspace\8-2-build-windows-amd64-cygwin\jdk8u40\2855\hotspot\src\share\vm\classfile\systemDictionary.cpp, line 210]
Event: 12.584 Thread 0x0000000017199000 Exception <a 'java/lang/ClassNotFoundException': org/springframework/web/context/ServletContextAwareCustomizer> (0x00000000eeaf5848) thrown at [D:\re\workspace\8-2-build-windows-amd64-cygwin\jdk8u40\2855\hotspot\src\share\vm\classfile\systemDictionary.cpp,Ì kW[+)@
Event: 12.585 Thread 0x0000000017199000 Exception <a 'java/lang/ClassNotFoundException': org/springframework/beans/factory/AwareCustomizer> (0x00000000eeb07ad0) thrown at [D:\re\workspace\8-2-build-windows-amd64-cygwin\jdk8u40\2855\hotspot\src\share\vm\classfile\systemDictionary.cpp, line 210]

Events (10 events):
Event: 12.707 Thread 0x0000000017199000 DEOPT PACKING pc=0x00000000035c3af0 sp=0x000000001874b6a0
Event: 12.707 Thread 0x0000000017199000 DEOPT UNPACKING pc=0x000000000280582a sp=0x000000001874b640 mode 2
Event: 12.707 Thread 0x0000000017199000 Uncommon trap: trap_request=0xffffffde fr.pc=0x00000000035c3af0
Event: 12.707 Thread 0x0000000017199000 DEOPT PACKING pc=0x00000000035c3af0 sp=0x000000001874b5e0
Event: 12.707 Thread 0x0000000017199000 DEOPT UNPACKING pc=0x000000000280582a sp=0x000000001874b580 mode 2
Event: 12.707 Thread 0x0000000017199000 Uncommon trap: trap_request=0xffffffde fr.pc=0x00000000035c3af0
Event: 12.707 Thread 0x0000000017199000 DEOPT PACKING pc=0x00000000035c3af0 sp=0x000000001874b7a0
Event: 12.707 Thread 0x0000000017199000 DEOPT UNPACKING pc=0x000000000280582a sp=0x000000001874b740 mode 2
Event: 12.724 Thread 0x0000000017199000 DEOPT PACKING pc=0x0000000002fb703c sp=0x000000001874c850
Event: 12.724 Thread 0x0000000017199000 DEOPT UNPACKING pc=0x000000000280747f sp=0x000000001874c5a8 mode 0


Dynamic libraries:
0x00007ff720250000 - 0x00007ff720287000 	C:\Program Files\Java\jdk1.8.0_40\bin\javaw.exe
0x00007fff6a9a0000 - 0x00007fff6ab81000 	C:\WINDOWS\SYSTEM32\ntdll.dll
0x00007fff68770000 - 0x00007fff68822000 	C:\WINDOWS\System32\KERNEL32.DLL
0x00007fff671a0000 - 0x00007fff67413000 	C:\WINDOWS\System32\KERNELBASE.dll
0x00007fff688a0000 - 0x00007fff68941000 	C:\WINDOWS\System32\ADVAPI32.dll
0x00007fff6a7a0000 - 0x00007fff6a83e000 	C:\WINDOWS\System32\msvcrt.dll
0x00007fff68b40000 - 0x00007fff68b9b000 	C:\WINDOWS\System32\sechost.dll
0x00007fff6a840000 - 0x00007fff6a964000 	C:\WINDOWS\System32\RPCRT4.dll
0x00007fff68ba0000 - 0x00007fff68d30000 	C:\WINDOWS\System32\USER32.dll
0x00007fff67e10000 - 0x00007fff67e30000 	C:\WINDOWS\System32\win32u.dll
0x00007fff67e30000 - 0x00007fff67e58000 	C:\WINDOWS\System32\GDI32.dll
0x00007fff67000000 - 0x00007fff67192000 	C:\WINDOWS\System32\gdi32full.dll
0x00007fff66f60000 - 0x00007fff66fff000 	C:\WINDOWS\System32\msvcp_win.dll
0x00007fff67480000 - 0x00007fff67578000 	C:\WINDOWS\System32\ucrtbase.dll
0x00007fff5deb0000 - 0x00007fff5e119000 	C:\WINDOWS\WinSxS\amd64_microsoft.windows.common-controls_6595b64144ccf1df_6.0.17134.648_none_fb45a0e93062a6d2\COMCTL32.dll
0x00007fff68430000 - 0x00007fff68752000 	C:\WINDOWS\System32\combase.dll
0x00007fff67d40000 - 0x00007fff67dba000 	C:\WINDOWS\System32\bcryptPrimitives.dll
0x00007fff67f10000 - 0x00007fff67f3d000 	C:\WINDOWS\System32\IMM32.DLL
0x0000000058680000 - 0x0000000058752000 	C:\Program Files\Java\jdk1.8.0_40\jre\bin\msvcr100.dll
0x0000000058960000 - 0x00000000591e3000 	C:\Program Files\Java\jdk1.8.0_40\jre\bin\server\jvm.dll
0x00007fff6a790000 - 0x00007fff6a798000 	C:\WINDOWS\System32\PSAPI.DLL
0x00007fff65910000 - 0x00007fff65919000 	C:\WINDOWS\SYSTEM32\WSOCK32.dll
0x00007fff592c0000 - 0x00007fff592e3000 	C:\WINDOWS\SYSTEM32\WINMM.dll
0x00007fff5ea20000 - 0x00007fff5ea2a000 	C:\WINDOWS\SYSTEM32\VERSION.dll
0x00007fff68950000 - 0x00007fff689bc000 	C:\WINDOWS\System32\WS2_32.dll
0x00007fff59290000 - 0x00007fff592ba000 	C:\WINDOWS\SYSTEM32\WINMMBASE.dll
0x00007fff67dc0000 - 0x00007fff67e09000 	C:\WINDOWS\System32\cfgmgr32.dll
0x00000000598f0000 - 0x00000000598ff000 	C:\Program Files\Java\jdk1.8.0_40\jre\bin\verify.dll
0x0000000059490000 - 0x00000000594b9000 	C:\Program Files\Java\jdk1.8.0_40\jre\bin\java.dll
0x0000000059440000 - 0x0000000059456000 	C:\Program Files\Java\jdk1.8.0_40\jre\bin\zip.dll
0x00007fff68f00000 - 0x00007fff6a340000 	C:\WINDOWS\System32\SHELL32.dll
0x00007fff67e60000 - 0x00007fff67f09000 	C:\WINDOWS\System32\shcore.dll
0x00007fff67630000 - 0x00007fff67d3d000 	C:\WINDOWS\System32\windows.storage.dll
0x00007fff67f40000 - 0x00007fff67f91000 	C:\WINDOWS\System32\shlwapi.dll
0x00007fff66d20000 - 0x00007fff66d31000 	C:\WINDOWS\System32\kernel.appcore.dll
0x00007fff66d50000 - 0x00007fff66d6f000 	C:\WINDOWS\System32\profapi.dll
0x00007fff66cb0000 - 0x00007fff66cfc000 	C:\WINDOWS\System32\powrprof.dll
0x00007fff66d40000 - 0x00007fff66d4a000 	C:\WINDOWS\System32\FLTLIB.DLL
0x0000000059420000 - 0x000000005943a000 	C:\Program Files\Java\jdk1.8.0_40\jre\bin\net.dll
0x00007fff664d0000 - 0x00007fff66536000 	C:\WINDOWS\system32\mswsock.dll
0x00007fff66250000 - 0x00007fff66288000 	C:\WINDOWS\SYSTEM32\IPHLPAPI.DLL
0x00007fff68760000 - 0x00007fff68768000 	C:\WINDOWS\System32\NSI.dll
0x00007fff5f670000 - 0x00007fff5f686000 	C:\WINDOWS\SYSTEM32\dhcpcsvc6.DLL
0x00007fff5f9c0000 - 0x00007fff5f9da000 	C:\WINDOWS\SYSTEM32\dhcpcsvc.DLL
0x00007fff66290000 - 0x00007fff6634e000 	C:\WINDOWS\SYSTEM32\DNSAPI.dll
0x00007fff5e9e0000 - 0x00007fff5e9ea000 	C:\Windows\System32\rasadhlp.dll
0x00007fff5ea40000 - 0x00007fff5eab2000 	C:\WINDOWS\System32\fwpuclnt.dll
0x00007fff667b0000 - 0x00007fff667d5000 	C:\WINDOWS\SYSTEM32\bcrypt.dll
0x00000000598e0000 - 0x00000000598ed000 	C:\Program Files\Java\jdk1.8.0_40\jre\bin\management.dll
0x00007fff61590000 - 0x00007fff615a6000 	C:\WINDOWS\system32\napinsp.dll
0x00007fff60560000 - 0x00007fff6057a000 	C:\WINDOWS\system32\pnrpnsp.dll
0x00007fff60040000 - 0x00007fff60059000 	C:\WINDOWS\system32\NLAapi.dll
0x00007fff62190000 - 0x00007fff6219e000 	C:\WINDOWS\System32\winrnr.dll
0x0000000058940000 - 0x0000000058951000 	C:\Program Files\Java\jdk1.8.0_40\jre\bin\nio.dll
0x00007fff66680000 - 0x00007fff66697000 	C:\WINDOWS\SYSTEM32\CRYPTSP.dll
0x00007fff660b0000 - 0x00007fff660e3000 	C:\WINDOWS\system32\rsaenh.dll
0x00007fff66bb0000 - 0x00007fff66bd8000 	C:\WINDOWS\SYSTEM32\USERENV.dll
0x00007fff666a0000 - 0x00007fff666ab000 	C:\WINDOWS\SYSTEM32\CRYPTBASE.dll
0x00007fff656d0000 - 0x00007fff65899000 	C:\WINDOWS\SYSTEM32\dbghelp.dll

VM Arguments:
jvm_args: -Dfile.encoding=UTF-8 
java_command: com.srikanth.microservices.springcloudconfigserver.SpringCloudConfigServerApplication
java_class_path (initial): C:\Program Files\Java\jdk1.8.0_40\jre\lib\resources.jar;C:\Program Files\Java\jdk1.8.0_40\jre\lib\rt.jar;C:\Program Files\Java\jdk1.8.0_40\jre\lib\jsse.jar;C:\Program Files\Java\jdk1.8.0_40\jre\lib\jce.jar;C:\Program Files\Java\jdk1.8.0_40\jre\lib\charsets.jar;C:\Program Files\Java\jdk1.8.0_40\jre\lib\jfr.jar;C:\Program Files\Java\jdk1.8.0_40\jre\lib\ext\access-bridge-64.jar;C:\Program Files\Java\jdk1.8.0_40\jre\lib\ext\cldrdata.jar;C:\Program Files\Java\jdk1.8.0_40\jre\lib\ext\dnsns.jar;C:\Program Files\Java\jdk1.8.0_40\jre\lib\ext\jaccess.jar;C:\Program Files\Java\jdk1.8.0_40\jre\lib\ext\jfxrt.jar;C:\Program Files\Java\jdk1.8.0_40\jre\lib\ext\localedata.jar;C:\Program Files\Java\jdk1.8.0_40\jre\lib\ext\nashorn.jar;C:\Program Files\Java\jdk1.8.0_40\jre\lib\ext\sunec.jar;C:\Program Files\Java\jdk1.8.0_40\jre\lib\ext\sunjce_provider.jar;C:\Program Files\Java\jdk1.8.0_40\jre\lib\ext\sunmscapi.jar;C:\Program Files\Java\jdk1.8.0_40\jre\lib\ext\sunpkcs11.jar;C:\Program Files\Java\jdk1.8.0_40\jre\lib\ext\zipfs.jar;H:\Prep\spring-cloud-config-server\target\classes;C:\Users\welcome\.m2\repository\org\springframework\cloud\spring-cloud-config-server\2.1.2.BUILD-SNAPSHOT\spring-cloud-config-server-2.1.2.BUILD-SNAPSHOT.jar;C:\Users\welcome\.m2\repository\org\springframework\cloud\spring-cloud-config-client\2.1.2.BUILD-SNAPSHOT\spring-cloud-config-client-2.1.2.BUILD-SNAPSHOT.jar;C:\Users\welcome\.m2\repository\org\springframework\cloud\spring-cloud-commons\2.1.2.BUILD-SNAPSHOT\spring-cloud-commons-2.1.2.BUILD-SNAPSHOT.jar;C:\Users\welcome\.m2\repository\org\springframework\cloud\spring-cloud-context\2.1.2.BUILD-SNAPSHOT\spring-cloud-context-2.1.2.BUILD-SNAPSHOT.jar;C:\Users\welcome\.m2\repository\org\springframework\spring-web\5.1.5.RELEASE\spring-web-5.1.5.RELEASE.jar;C:\Users\welcome\.m2\repository\org\springframework\spring-beans\5.1.5.RELEASE\spring-beans-5.1.5.RELEASE.jar;C:\Users\welcome\.m2\repository\com\fasterxml\jackson\core\jackson-annota
Launcher Type: SUN_STANDARD

Environment Variables:
JAVA_HOME=C:\Program Files\Java\jdk1.8.0_40
JRE_HOME=C:\Program Files\Java\jre1.8.0_40
PATH=C:/Program Files/Java/jdk1.8.0_40/bin/../jre/bin/server;C:/Program Files/Java/jdk1.8.0_40/bin/../jre/bin;C:/Program Files/Java/jdk1.8.0_40/bin/../jre/lib/amd64;C:\Program Files\apache-maven-3.5.0\bin;C:\Program Files (x86)\Skype\Phone\;C:\Program Files\Java\jdk1.8.0_40\bin;C:\Program Files\Java\jre1.8.0_40\bin;C:\Program Files\Git\cmd;C:\Program Files (x86)\Brackets\command;C:\WINDOWS\system32;C:\WINDOWS;C:\WINDOWS\System32\Wbem;C:\WINDOWS\System32\WindowsPowerShell\v1.0\;C:\Program Files\nodejs\;;C:\WINDOWS\System32\OpenSSH\;C:\Program Files\Microsoft SQL Server\Client SDK\ODBC\130\Tools\Binn\;C:\Program Files (x86)\Microsoft SQL Server\140\Tools\Binn\;C:\Program Files\Microsoft SQL Server\140\Tools\Binn\;C:\Program Files\Microsoft SQL Server\140\DTS\Binn\;C:\Program Files (x86)\Microsoft SQL Server\Client SDK\ODBC\130\Tools\Binn\;C:\Program Files (x86)\Microsoft SQL Server\140\DTS\Binn\;C:\Program Files (x86)\Microsoft SQL Server\140\Tools\Binn\ManagementStudio\;C:\Program Files\Java\jdk1.8.0_40;C:\Users\welcome\AppData\Local\Microsoft\WindowsApps;C:\Users\welcome\AppData\Roaming\npm;;H:\eclipse;
USERNAME=SreekanthReddy
OS=Windows_NT
PROCESSOR_IDENTIFIER=Intel64 Family 6 Model 61 Stepping 4, GenuineIntel



---------------  S Y S T E M  ---------------

OS: Windows 10.0 , 64 bit Build 17134 (10.0.17134.648)

CPU:total 4 (2 cores per cpu, 2 threads per core) family 6 model 61 stepping 4, cmov, cx8, fxsr, mmx, sse, sse2, sse3, ssse3, sse4.1, sse4.2, popcnt, clmul, erms, 3dnowpref, lzcnt, ht, tsc, tscinvbit

Memory: 4k page, physical 4113068k(318224k free), swap 6161068k(2488k free)

vm_info: Java HotSpot(TM) 64-Bit Server VM (25.40-b25) for windows-amd64 JRE (1.8.0_40-b25), built on Feb 10 2015 21:53:57 by "java_re" with MS VC++ 10.0 (VS2010)

time: Sat Apr 13 16:49:42 2019
elapsed time: 13 seconds (0d 0h 0m 13s)

