#
# There is insufficient memory for the Java Runtime Environment to continue.
# Native memory allocation (malloc) failed to allocate 1286336 bytes for Chunk::new
# Possible reasons:
#   The system is out of physical RAM or swap space
#   In 32 bit mode, the process size limit was hit
# Possible solutions:
#   Reduce memory load on the system
#   Increase physical memory or swap space
#   Check if swap backing store is full
#   Use 64 bit Java on a 64 bit OS
#   Decrease Java heap size (-Xmx/-Xms)
#   Decrease number of Java threads
#   Decrease Java thread stack sizes (-Xss)
#   Set larger code cache with -XX:ReservedCodeCacheSize=
# This output file may be truncated or incomplete.
#
#  Out of Memory Error (allocation.cpp:390), pid=11984, tid=13384
#
# JRE version: Java(TM) SE Runtime Environment (8.0_40-b25) (build 1.8.0_40-b25)
# Java VM: Java HotSpot(TM) 64-Bit Server VM (25.40-b25 mixed mode windows-amd64 compressed oops)
# Failed to write core dump. Minidumps are not enabled by default on client versions of Windows
#

---------------  T H R E A D  ---------------

Current thread (0x0000000015bf5000):  JavaThread "C2 CompilerThread1" daemon [_thread_in_native, id=13384, stack(0x0000000017250000,0x0000000017350000)]

Stack: [0x0000000017250000,0x0000000017350000]
Native frames: (J=compiled Java code, j=interpreted, Vv=VM code, C=native code)
V  [jvm.dll+0x32b47a]
V  [jvm.dll+0x2797f3]
V  [jvm.dll+0x27a489]
V  [jvm.dll+0x2717a5]
V  [jvm.dll+0xcb9a2]
V  [jvm.dll+0xcbe6c]
V  [jvm.dll+0x4929a7]
V  [jvm.dll+0x45f94a]
V  [jvm.dll+0x46a73b]
V  [jvm.dll+0x46cd52]
V  [jvm.dll+0x4500d2]
V  [jvm.dll+0xa4312]
V  [jvm.dll+0xa4c4f]
V  [jvm.dll+0x241914]
V  [jvm.dll+0x29848a]
C  [msvcr100.dll+0x21d9f]
C  [msvcr100.dll+0x21e3b]
C  [KERNEL32.DLL+0x13dc4]
C  [ntdll.dll+0x73691]


Current CompileTask:
C2: 223634 5803       4       org.springframework.util.ReflectionUtils::findMethod (111 bytes)


---------------  P R O C E S S  ---------------

Java Threads: ( => current thread )
  0x000000001b064800 JavaThread "SimplePauseDetectorThread_0" daemon [_thread_blocked, id=11516, stack(0x0000000022ca0000,0x0000000022da0000)]
  0x000000001b062800 JavaThread "Thread-24" daemon [_thread_blocked, id=5244, stack(0x0000000022ba0000,0x0000000022ca0000)]
  0x000000001b067000 JavaThread "http-nio-8888-Acceptor-0" daemon [_thread_in_native, id=12388, stack(0x0000000022aa0000,0x0000000022ba0000)]
  0x000000001b063000 JavaThread "http-nio-8888-ClientPoller-1" daemon [_thread_in_native, id=13536, stack(0x00000000229a0000,0x0000000022aa0000)]
  0x000000001b065800 JavaThread "http-nio-8888-ClientPoller-0" daemon [_thread_in_native, id=13700, stack(0x00000000228a0000,0x00000000229a0000)]
  0x000000001b060000 JavaThread "http-nio-8888-exec-10" daemon [_thread_blocked, id=6484, stack(0x00000000227a0000,0x00000000228a0000)]
  0x000000001b061800 JavaThread "http-nio-8888-exec-9" daemon [_thread_blocked, id=4120, stack(0x00000000226a0000,0x00000000227a0000)]
  0x000000001d319000 JavaThread "http-nio-8888-exec-8" daemon [_thread_blocked, id=9004, stack(0x00000000225a0000,0x00000000226a0000)]
  0x000000001d317800 JavaThread "http-nio-8888-exec-7" daemon [_thread_blocked, id=3984, stack(0x00000000224a0000,0x00000000225a0000)]
  0x000000001d317000 JavaThread "http-nio-8888-exec-6" daemon [_thread_blocked, id=10700, stack(0x00000000223a0000,0x00000000224a0000)]
  0x000000001d318800 JavaThread "http-nio-8888-exec-5" daemon [_thread_blocked, id=11084, stack(0x00000000222a0000,0x00000000223a0000)]
  0x000000001d316000 JavaThread "http-nio-8888-exec-4" daemon [_thread_blocked, id=2268, stack(0x00000000221a0000,0x00000000222a0000)]
  0x000000001d315800 JavaThread "http-nio-8888-exec-3" daemon [_thread_blocked, id=8840, stack(0x00000000220a0000,0x00000000221a0000)]
  0x000000001d314800 JavaThread "http-nio-8888-exec-2" daemon [_thread_blocked, id=5816, stack(0x0000000021fa0000,0x00000000220a0000)]
  0x000000001d313000 JavaThread "http-nio-8888-exec-1" daemon [_thread_blocked, id=3060, stack(0x0000000021ea0000,0x0000000021fa0000)]
  0x000000001d314000 JavaThread "NioBlockingSelector.BlockPoller-2" daemon [_thread_in_native, id=8232, stack(0x0000000021da0000,0x0000000021ea0000)]
  0x000000001d848000 JavaThread "spring.cloud.inetutils" daemon [_thread_blocked, id=8508, stack(0x0000000021ca0000,0x0000000021da0000)]
  0x000000001d84e800 JavaThread "File Watcher" daemon [_thread_blocked, id=14312, stack(0x0000000021ba0000,0x0000000021ca0000)]
  0x000000001d84b800 JavaThread "container-0" [_thread_blocked, id=9224, stack(0x0000000021aa0000,0x0000000021ba0000)]
  0x000000001d847800 JavaThread "Catalina-utility-2" [_thread_blocked, id=5072, stack(0x00000000219a0000,0x0000000021aa0000)]
  0x000000001d84a800 JavaThread "Catalina-utility-1" [_thread_blocked, id=6028, stack(0x00000000218a0000,0x00000000219a0000)]
  0x000000001d84d000 JavaThread "DestroyJavaVM" [_thread_blocked, id=11640, stack(0x00000000031d0000,0x00000000032d0000)]
  0x0000000015c4e000 JavaThread "Service Thread" daemon [_thread_blocked, id=8480, stack(0x0000000017850000,0x0000000017950000)]
  0x0000000015bfc000 JavaThread "C1 CompilerThread2" daemon [_thread_blocked, id=11736, stack(0x0000000017350000,0x0000000017450000)]
=>0x0000000015bf5000 JavaThread "C2 CompilerThread1" daemon [_thread_in_native, id=13384, stack(0x0000000017250000,0x0000000017350000)]
  0x0000000015bee800 JavaThread "C2 CompilerThread0" daemon [_thread_in_native, id=3148, stack(0x0000000017150000,0x0000000017250000)]
  0x0000000015bed800 JavaThread "Attach Listener" daemon [_thread_blocked, id=10908, stack(0x0000000017050000,0x0000000017150000)]
  0x0000000015bec000 JavaThread "Signal Dispatcher" daemon [_thread_blocked, id=6180, stack(0x0000000016f50000,0x0000000017050000)]
  0x0000000015bb9000 JavaThread "Finalizer" daemon [_thread_blocked, id=11964, stack(0x0000000016e50000,0x0000000016f50000)]
  0x00000000034c2800 JavaThread "Reference Handler" daemon [_thread_blocked, id=5096, stack(0x0000000016d50000,0x0000000016e50000)]

Other Threads:
  0x0000000015bb6800 VMThread [stack: 0x0000000016c50000,0x0000000016d50000] [id=2924]
  0x000000001748a800 WatcherThread [stack: 0x0000000017950000,0x0000000017a50000] [id=10348]

VM state:not at safepoint (normal execution)

VM Mutex/Monitor currently owned by a thread: None

Heap:
 PSYoungGen      total 147968K, used 15042K [0x00000000eb100000, 0x00000000f6f80000, 0x0000000100000000)
  eden space 133120K, 7% used [0x00000000eb100000,0x00000000eba5faa0,0x00000000f3300000)
  from space 14848K, 36% used [0x00000000f4100000,0x00000000f4651100,0x00000000f4f80000)
  to   space 14336K, 0% used [0x00000000f3300000,0x00000000f3300000,0x00000000f4100000)
 ParOldGen       total 65536K, used 27050K [0x00000000c1200000, 0x00000000c5200000, 0x00000000eb100000)
  object space 65536K, 41% used [0x00000000c1200000,0x00000000c2c6a980,0x00000000c5200000)
 Metaspace       used 43778K, capacity 46210K, committed 46384K, reserved 1089536K
  class space    used 5636K, capacity 6073K, committed 6192K, reserved 1048576K

Card table byte_map: [0x0000000012990000,0x0000000012b90000] byte_map_base: 0x0000000012387000

Marking Bits: (ParMarkBitMap*) 0x0000000059164040
 Begin Bits: [0x00000000130e0000, 0x0000000014098000)
 End Bits:   [0x0000000014098000, 0x0000000015050000)

Polling page: 0x0000000001450000

CodeCache: size=245760Kb used=17582Kb max_used=17585Kb free=228177Kb
 bounds [0x00000000035d0000, 0x0000000004710000, 0x00000000125d0000]
 total_blobs=5415 nmethods=4969 adapters=359
 compilation: enabled

Compilation events (10 events):
Event: 222.430 Thread 0x0000000015bfc000 5869       2       io.micrometer.core.instrument.config.MeterFilter::map (2 bytes)
Event: 222.430 Thread 0x0000000015bfc000 nmethod 5869 0x000000000470e190 code [0x000000000470e2e0, 0x000000000470e430]
Event: 222.430 Thread 0x0000000015bfc000 5873       1       javax.management.openmbean.CompositeDataSupport::getCompositeType (5 bytes)
Event: 222.430 Thread 0x0000000015bfc000 nmethod 5873 0x000000000470e4d0 code [0x000000000470e620, 0x000000000470e730]
Event: 222.430 Thread 0x0000000015bfc000 5871       2       io.micrometer.shaded.org.pcollections.HashPMap::getEntries (27 bytes)
Event: 222.435 Thread 0x0000000015bfc000 nmethod 5871 0x000000000470e790 code [0x000000000470e900, 0x000000000470eb88]
Event: 222.436 Thread 0x0000000015bfc000 5868       2       java.util.Calendar::checkDisplayNameParams (61 bytes)
Event: 222.436 Thread 0x0000000015bfc000 nmethod 5868 0x000000000470ed10 code [0x000000000470ee80, 0x000000000470f158]
Event: 222.437 Thread 0x0000000015bfc000 5872       1       org.springframework.boot.actuate.autoconfigure.metrics.MetricsProperties::getEnable (5 bytes)
Event: 222.437 Thread 0x0000000015bfc000 nmethod 5872 0x000000000470f310 code [0x000000000470f460, 0x000000000470f570]

GC Heap History (10 events):
Event: 8.499 GC heap before
{Heap before GC invocations=11 (full 2):
 PSYoungGen      total 113152K, used 10234K [0x00000000eb100000, 0x00000000f5880000, 0x0000000100000000)
  eden space 102912K, 0% used [0x00000000eb100000,0x00000000eb100000,0x00000000f1580000)
  from space 10240K, 99% used [0x00000000f1580000,0x00000000f1f7e980,0x00000000f1f80000)
  to   space 15872K, 0% used [0x00000000f4900000,0x00000000f4900000,0x00000000f5880000)
 ParOldGen       total 35328K, used 19334K [0x00000000c1200000, 0x00000000c3480000, 0x00000000eb100000)
  object space 35328K, 54% used [0x00000000c1200000,0x00000000c24e1890,0x00000000c3480000)
 Metaspace       used 33933K, capacity 35362K, committed 35496K, reserved 1081344K
  class space    used 4348K, capacity 4627K, committed 4656K, reserved 1048576K
Event: 8.648 GC heap after
Heap after GC invocations=11 (full 2):
 PSYoungGen      total 113152K, used 0K [0x00000000eb100000, 0x00000000f5880000, 0x0000000100000000)
  eden space 102912K, 0% used [0x00000000eb100000,0x00000000eb100000,0x00000000f1580000)
  from space 10240K, 0% used [0x00000000f1580000,0x00000000f1580000,0x00000000f1f80000)
  to   space 15872K, 0% used [0x00000000f4900000,0x00000000f4900000,0x00000000f5880000)
 ParOldGen       total 65536K, used 24877K [0x00000000c1200000, 0x00000000c5200000, 0x00000000eb100000)
  object space 65536K, 37% used [0x00000000c1200000,0x00000000c2a4b4b0,0x00000000c5200000)
 Metaspace       used 33933K, capacity 35362K, committed 35496K, reserved 1081344K
  class space    used 4348K, capacity 4627K, committed 4656K, reserved 1048576K
}
Event: 10.919 GC heap before
{Heap before GC invocations=12 (full 2):
 PSYoungGen      total 113152K, used 102912K [0x00000000eb100000, 0x00000000f5880000, 0x0000000100000000)
  eden space 102912K, 100% used [0x00000000eb100000,0x00000000f1580000,0x00000000f1580000)
  from space 10240K, 0% used [0x00000000f1580000,0x00000000f1580000,0x00000000f1f80000)
  to   space 15872K, 0% used [0x00000000f4900000,0x00000000f4900000,0x00000000f5880000)
 ParOldGen       total 65536K, used 24877K [0x00000000c1200000, 0x00000000c5200000, 0x00000000eb100000)
  object space 65536K, 37% used [0x00000000c1200000,0x00000000c2a4b4b0,0x00000000c5200000)
 Metaspace       used 39243K, capacity 41190K, committed 41392K, reserved 1085440K
  class space    used 5081K, capacity 5425K, committed 5552K, reserved 1048576K
Event: 10.937 GC heap after
Heap after GC invocations=12 (full 2):
 PSYoungGen      total 140800K, used 7822K [0x00000000eb100000, 0x00000000f5100000, 0x0000000100000000)
  eden space 132608K, 0% used [0x00000000eb100000,0x00000000eb100000,0x00000000f3280000)
  from space 8192K, 95% used [0x00000000f4900000,0x00000000f50a3a40,0x00000000f5100000)
  to   space 15360K, 0% used [0x00000000f3300000,0x00000000f3300000,0x00000000f4200000)
 ParOldGen       total 65536K, used 24885K [0x00000000c1200000, 0x00000000c5200000, 0x00000000eb100000)
  object space 65536K, 37% used [0x00000000c1200000,0x00000000c2a4d4b0,0x00000000c5200000)
 Metaspace       used 39243K, capacity 41190K, committed 41392K, reserved 1085440K
  class space    used 5081K, capacity 5425K, committed 5552K, reserved 1048576K
}
Event: 216.758 GC heap before
{Heap before GC invocations=13 (full 2):
 PSYoungGen      total 140800K, used 82715K [0x00000000eb100000, 0x00000000f5100000, 0x0000000100000000)
  eden space 132608K, 56% used [0x00000000eb100000,0x00000000efa23568,0x00000000f3280000)
  from space 8192K, 95% used [0x00000000f4900000,0x00000000f50a3a40,0x00000000f5100000)
  to   space 15360K, 0% used [0x00000000f3300000,0x00000000f3300000,0x00000000f4200000)
 ParOldGen       total 65536K, used 24885K [0x00000000c1200000, 0x00000000c5200000, 0x00000000eb100000)
  object space 65536K, 37% used [0x00000000c1200000,0x00000000c2a4d4b0,0x00000000c5200000)
 Metaspace       used 43115K, capacity 45536K, committed 45744K, reserved 1089536K
  class space    used 5617K, capacity 6049K, committed 6064K, reserved 1048576K
Event: 216.773 GC heap after
Heap after GC invocations=13 (full 2):
 PSYoungGen      total 140288K, used 7505K [0x00000000eb100000, 0x00000000f4f80000, 0x0000000100000000)
  eden space 132608K, 0% used [0x00000000eb100000,0x00000000eb100000,0x00000000f3280000)
  from space 7680K, 97% used [0x00000000f3300000,0x00000000f3a546a8,0x00000000f3a80000)
  to   space 14848K, 0% used [0x00000000f4100000,0x00000000f4100000,0x00000000f4f80000)
 ParOldGen       total 65536K, used 24893K [0x00000000c1200000, 0x00000000c5200000, 0x00000000eb100000)
  object space 65536K, 37% used [0x00000000c1200000,0x00000000c2a4f4b0,0x00000000c5200000)
 Metaspace       used 43115K, capacity 45536K, committed 45744K, reserved 1089536K
  class space    used 5617K, capacity 6049K, committed 6064K, reserved 1048576K
}
Event: 216.773 GC heap before
{Heap before GC invocations=14 (full 3):
 PSYoungGen      total 140288K, used 7505K [0x00000000eb100000, 0x00000000f4f80000, 0x0000000100000000)
  eden space 132608K, 0% used [0x00000000eb100000,0x00000000eb100000,0x00000000f3280000)
  from space 7680K, 97% used [0x00000000f3300000,0x00000000f3a546a8,0x00000000f3a80000)
  to   space 14848K, 0% used [0x00000000f4100000,0x00000000f4100000,0x00000000f4f80000)
 ParOldGen       total 65536K, used 24893K [0x00000000c1200000, 0x00000000c5200000, 0x00000000eb100000)
  object space 65536K, 37% used [0x00000000c1200000,0x00000000c2a4f4b0,0x00000000c5200000)
 Metaspace       used 43115K, capacity 45536K, committed 45744K, reserved 1089536K
  class space    used 5617K, capacity 6049K, committed 6064K, reserved 1048576K
Event: 216.975 GC heap after
Heap after GC invocations=14 (full 3):
 PSYoungGen      total 140288K, used 0K [0x00000000eb100000, 0x00000000f4f80000, 0x0000000100000000)
  eden space 132608K, 0% used [0x00000000eb100000,0x00000000eb100000,0x00000000f3280000)
  from space 7680K, 0% used [0x00000000f3300000,0x00000000f3300000,0x00000000f3a80000)
  to   space 14848K, 0% used [0x00000000f4100000,0x00000000f4100000,0x00000000f4f80000)
 ParOldGen       total 65536K, used 27042K [0x00000000c1200000, 0x00000000c5200000, 0x00000000eb100000)
  object space 65536K, 41% used [0x00000000c1200000,0x00000000c2c68980,0x00000000c5200000)
 Metaspace       used 43115K, capacity 45536K, committed 45744K, reserved 1089536K
  class space    used 5617K, capacity 6049K, committed 6064K, reserved 1048576K
}
Event: 222.389 GC heap before
{Heap before GC invocations=15 (full 3):
 PSYoungGen      total 140288K, used 132608K [0x00000000eb100000, 0x00000000f4f80000, 0x0000000100000000)
  eden space 132608K, 100% used [0x00000000eb100000,0x00000000f3280000,0x00000000f3280000)
  from space 7680K, 0% used [0x00000000f3300000,0x00000000f3300000,0x00000000f3a80000)
  to   space 14848K, 0% used [0x00000000f4100000,0x00000000f4100000,0x00000000f4f80000)
 ParOldGen       total 65536K, used 27042K [0x00000000c1200000, 0x00000000c5200000, 0x00000000eb100000)
  object space 65536K, 41% used [0x00000000c1200000,0x00000000c2c68980,0x00000000c5200000)
 Metaspace       used 43777K, capacity 46210K, committed 46384K, reserved 1089536K
  class space    used 5636K, capacity 6073K, committed 6192K, reserved 1048576K
Event: 222.412 GC heap after
Heap after GC invocations=15 (full 3):
 PSYoungGen      total 147968K, used 5444K [0x00000000eb100000, 0x00000000f6f80000, 0x0000000100000000)
  eden space 133120K, 0% used [0x00000000eb100000,0x00000000eb100000,0x00000000f3300000)
  from space 14848K, 36% used [0x00000000f4100000,0x00000000f4651100,0x00000000f4f80000)
  to   space 14336K, 0% used [0x00000000f3300000,0x00000000f3300000,0x00000000f4100000)
 ParOldGen       total 65536K, used 27050K [0x00000000c1200000, 0x00000000c5200000, 0x00000000eb100000)
  object space 65536K, 41% used [0x00000000c1200000,0x00000000c2c6a980,0x00000000c5200000)
 Metaspace       used 43777K, capacity 46210K, committed 46384K, reserved 1089536K
  class space    used 5636K, capacity 6073K, committed 6192K, reserved 1048576K
}

Deoptimization events (10 events):
Event: 216.707 Thread 0x000000001d849000 Uncommon trap: reason=unstable_if action=reinterpret pc=0x00000000037d6db0 method=java.util.Properties$LineReader.readLine()I @ 174
Event: 216.748 Thread 0x000000001d849000 Uncommon trap: reason=unstable_if action=reinterpret pc=0x000000000385e3ac method=java.lang.AbstractStringBuilder.append(Ljava/lang/String;)Ljava/lang/AbstractStringBuilder; @ 1
Event: 216.984 Thread 0x000000001d84c000 Uncommon trap: reason=unstable_if action=reinterpret pc=0x0000000003e055dc method=java.net.URLClassLoader.getAndVerifyPackage(Ljava/lang/String;Ljava/util/jar/Manifest;Ljava/net/URL;)Ljava/lang/Package; @ 62
Event: 217.498 Thread 0x000000001d84c000 Uncommon trap: reason=class_check action=maybe_recompile pc=0x0000000003713334 method=java.lang.reflect.Array.newInstance(Ljava/lang/Class;I)Ljava/lang/Object; @ 2
Event: 217.498 Thread 0x000000001d84c000 Uncommon trap: reason=class_check action=maybe_recompile pc=0x0000000003713334 method=java.lang.reflect.Array.newInstance(Ljava/lang/Class;I)Ljava/lang/Object; @ 2
Event: 217.500 Thread 0x000000001d84c000 Uncommon trap: reason=class_check action=maybe_recompile pc=0x0000000003713334 method=java.lang.reflect.Array.newInstance(Ljava/lang/Class;I)Ljava/lang/Object; @ 2
Event: 217.500 Thread 0x000000001d84c000 Uncommon trap: reason=class_check action=maybe_recompile pc=0x0000000003713334 method=java.lang.reflect.Array.newInstance(Ljava/lang/Class;I)Ljava/lang/Object; @ 2
Event: 221.220 Thread 0x000000001d84c000 Uncommon trap: reason=bimorphic action=maybe_recompile pc=0x000000000437fe84 method=org.hibernate.validator.internal.metadata.aggregated.PropertyMetaData$Builder.accepts(Lorg/hibernate/validator/internal/metadata/raw/ConstrainedElement;)Z @ 4
Event: 221.330 Thread 0x000000001d84c000 Uncommon trap: reason=bimorphic action=maybe_recompile pc=0x000000000437fe84 method=org.hibernate.validator.internal.metadata.aggregated.PropertyMetaData$Builder.accepts(Lorg/hibernate/validator/internal/metadata/raw/ConstrainedElement;)Z @ 4
Event: 221.523 Thread 0x000000001d84c000 Uncommon trap: reason=class_check action=maybe_recompile pc=0x00000000043a8234 method=org.springframework.core.annotation.AnnotationUtils.getDeclaredAnnotations(Ljava/lang/reflect/AnnotatedElement;)[Ljava/lang/annotation/Annotation; @ 33

Internal exceptions (10 events):
Event: 129.719 Thread 0x000000001d317000 Exception <a 'java/lang/reflect/InvocationTargetException'> (0x00000000ee9e2ef0) thrown at [D:\re\workspace\8-2-build-windows-amd64-cygwin\jdk8u40\2855\hotspot\src\share\vm\runtime\reflection.cpp, line 1080]
Event: 216.432 Thread 0x000000001c2a9800 Exception <a 'java/lang/InterruptedException': sleep interrupted> (0x00000000eb5e71e8) thrown at [D:\re\workspace\8-2-build-windows-amd64-cygwin\jdk8u40\2855\hotspot\src\share\vm\prims\jvm.cpp, line 3211]
Event: 216.748 Thread 0x000000001d849000 Implicit null exception at 0x000000000385e056 to 0x000000000385e395
Event: 216.755 Thread 0x000000001eef2000 Exception <a 'java/lang/InterruptedException': sleep interrupted> (0x00000000ef946570) thrown at [D:\re\workspace\8-2-build-windows-amd64-cygwin\jdk8u40\2855\hotspot\src\share\vm\prims\jvm.cpp, line 3211]
Event: 217.017 Thread 0x000000001d84c000 Exception <a 'java/io/FileNotFoundException'> (0x00000000eb4c1998) thrown at [D:\re\workspace\8-2-build-windows-amd64-cygwin\jdk8u40\2855\hotspot\src\share\vm\prims\jni.cpp, line 709]
Event: 217.387 Thread 0x000000001d84c000 Exception <a 'java/lang/NoClassDefFoundError': org/springframework/jdbc/CannotGetJdbcConnectionException> (0x00000000eb8aa650) thrown at [D:\re\workspace\8-2-build-windows-amd64-cygwin\jdk8u40\2855\hotspot\src\share\vm\classfile\systemDictionary.cpp, line 
Event: 217.967 Thread 0x000000001d84c000 Exception <a 'java/lang/NoClassDefFoundError': org/springframework/jdbc/CannotGetJdbcConnectionException> (0x00000000ec1e3900) thrown at [D:\re\workspace\8-2-build-windows-amd64-cygwin\jdk8u40\2855\hotspot\src\share\vm\classfile\systemDictionary.cpp, line häi¾Tžk@
Event: 220.948 Thread 0x000000001d84c000 Exception <a 'java/io/FileNotFoundException'> (0x00000000f0f9ad58) thrown at [D:\re\workspace\8-2-build-windows-amd64-cygwin\jdk8u40\2855\hotspot\src\share\vm\prims\jni.cpp, line 709]
Event: 221.495 Thread 0x000000001d84c000 Exception <a 'java/io/FileNotFoundException'> (0x00000000f200faf8) thrown at [D:\re\workspace\8-2-build-windows-amd64-cygwin\jdk8u40\2855\hotspot\src\share\vm\prims\jni.cpp, line 709]
Event: 221.796 Thread 0x000000001d84c000 Exception <a 'java/net/BindException': Address already in use: JVM_Bind> (0x00000000f2ac3490) thrown at [D:\re\workspace\8-2-build-windows-amd64-cygwin\jdk8u40\2855\hotspot\src\share\vm\prims\jni.cpp, line 735]

Events (10 events):
Event: 222.433 Executing VM operation: RevokeBias done
Event: 222.433 Executing VM operation: RevokeBias
Event: 222.433 Executing VM operation: RevokeBias done
Event: 222.433 Executing VM operation: RevokeBias
Event: 222.434 Executing VM operation: RevokeBias done
Event: 222.434 Executing VM operation: RevokeBias
Event: 222.434 Executing VM operation: RevokeBias done
Event: 222.434 Executing VM operation: RevokeBias
Event: 222.434 Executing VM operation: RevokeBias done
Event: 222.437 Thread 0x0000000015bfc000 flushing nmethod 0x000000000387cf50


Dynamic libraries:
0x00007ff720250000 - 0x00007ff720287000 	C:\Program Files\Java\jdk1.8.0_40\bin\javaw.exe
0x00007fff6a9a0000 - 0x00007fff6ab81000 	C:\WINDOWS\SYSTEM32\ntdll.dll
0x00007fff68770000 - 0x00007fff68822000 	C:\WINDOWS\System32\KERNEL32.DLL
0x00007fff671a0000 - 0x00007fff67413000 	C:\WINDOWS\System32\KERNELBASE.dll
0x00007fff688a0000 - 0x00007fff68941000 	C:\WINDOWS\System32\ADVAPI32.dll
0x00007fff6a7a0000 - 0x00007fff6a83e000 	C:\WINDOWS\System32\msvcrt.dll
0x00007fff68b40000 - 0x00007fff68b9b000 	C:\WINDOWS\System32\sechost.dll
0x00007fff6a840000 - 0x00007fff6a964000 	C:\WINDOWS\System32\RPCRT4.dll
0x00007fff68ba0000 - 0x00007fff68d30000 	C:\WINDOWS\System32\USER32.dll
0x00007fff67e10000 - 0x00007fff67e30000 	C:\WINDOWS\System32\win32u.dll
0x00007fff67e30000 - 0x00007fff67e58000 	C:\WINDOWS\System32\GDI32.dll
0x00007fff67000000 - 0x00007fff67192000 	C:\WINDOWS\System32\gdi32full.dll
0x00007fff66f60000 - 0x00007fff66fff000 	C:\WINDOWS\System32\msvcp_win.dll
0x00007fff67480000 - 0x00007fff67578000 	C:\WINDOWS\System32\ucrtbase.dll
0x00007fff5deb0000 - 0x00007fff5e119000 	C:\WINDOWS\WinSxS\amd64_microsoft.windows.common-controls_6595b64144ccf1df_6.0.17134.648_none_fb45a0e93062a6d2\COMCTL32.dll
0x00007fff68430000 - 0x00007fff68752000 	C:\WINDOWS\System32\combase.dll
0x00007fff67d40000 - 0x00007fff67dba000 	C:\WINDOWS\System32\bcryptPrimitives.dll
0x00007fff67f10000 - 0x00007fff67f3d000 	C:\WINDOWS\System32\IMM32.DLL
0x0000000058680000 - 0x0000000058752000 	C:\Program Files\Java\jdk1.8.0_40\jre\bin\msvcr100.dll
0x0000000058960000 - 0x00000000591e3000 	C:\Program Files\Java\jdk1.8.0_40\jre\bin\server\jvm.dll
0x00007fff6a790000 - 0x00007fff6a798000 	C:\WINDOWS\System32\PSAPI.DLL
0x00007fff592c0000 - 0x00007fff592e3000 	C:\WINDOWS\SYSTEM32\WINMM.dll
0x00007fff5ea20000 - 0x00007fff5ea2a000 	C:\WINDOWS\SYSTEM32\VERSION.dll
0x00007fff65910000 - 0x00007fff65919000 	C:\WINDOWS\SYSTEM32\WSOCK32.dll
0x00007fff59290000 - 0x00007fff592ba000 	C:\WINDOWS\SYSTEM32\winmmbase.dll
0x00007fff68950000 - 0x00007fff689bc000 	C:\WINDOWS\System32\WS2_32.dll
0x00007fff67dc0000 - 0x00007fff67e09000 	C:\WINDOWS\System32\cfgmgr32.dll
0x00000000598f0000 - 0x00000000598ff000 	C:\Program Files\Java\jdk1.8.0_40\jre\bin\verify.dll
0x0000000059490000 - 0x00000000594b9000 	C:\Program Files\Java\jdk1.8.0_40\jre\bin\java.dll
0x0000000059440000 - 0x0000000059456000 	C:\Program Files\Java\jdk1.8.0_40\jre\bin\zip.dll
0x00007fff68f00000 - 0x00007fff6a340000 	C:\WINDOWS\System32\SHELL32.dll
0x00007fff67e60000 - 0x00007fff67f09000 	C:\WINDOWS\System32\shcore.dll
0x00007fff67630000 - 0x00007fff67d3d000 	C:\WINDOWS\System32\windows.storage.dll
0x00007fff67f40000 - 0x00007fff67f91000 	C:\WINDOWS\System32\shlwapi.dll
0x00007fff66d20000 - 0x00007fff66d31000 	C:\WINDOWS\System32\kernel.appcore.dll
0x00007fff66d50000 - 0x00007fff66d6f000 	C:\WINDOWS\System32\profapi.dll
0x00007fff66cb0000 - 0x00007fff66cfc000 	C:\WINDOWS\System32\powrprof.dll
0x00007fff66d40000 - 0x00007fff66d4a000 	C:\WINDOWS\System32\FLTLIB.DLL
0x0000000059420000 - 0x000000005943a000 	C:\Program Files\Java\jdk1.8.0_40\jre\bin\net.dll
0x00007fff664d0000 - 0x00007fff66536000 	C:\WINDOWS\system32\mswsock.dll
0x00007fff66250000 - 0x00007fff66288000 	C:\WINDOWS\SYSTEM32\IPHLPAPI.DLL
0x00007fff68760000 - 0x00007fff68768000 	C:\WINDOWS\System32\NSI.dll
0x00007fff5f670000 - 0x00007fff5f686000 	C:\WINDOWS\SYSTEM32\dhcpcsvc6.DLL
0x00007fff5f9c0000 - 0x00007fff5f9da000 	C:\WINDOWS\SYSTEM32\dhcpcsvc.DLL
0x00007fff66290000 - 0x00007fff6634e000 	C:\WINDOWS\SYSTEM32\DNSAPI.dll
0x00007fff5e9e0000 - 0x00007fff5e9ea000 	C:\Windows\System32\rasadhlp.dll
0x00007fff5ea40000 - 0x00007fff5eab2000 	C:\WINDOWS\System32\fwpuclnt.dll
0x00007fff667b0000 - 0x00007fff667d5000 	C:\WINDOWS\SYSTEM32\bcrypt.dll
0x00000000598e0000 - 0x00000000598ed000 	C:\Program Files\Java\jdk1.8.0_40\jre\bin\management.dll
0x00007fff61590000 - 0x00007fff615a6000 	C:\WINDOWS\system32\napinsp.dll
0x00007fff60560000 - 0x00007fff6057a000 	C:\WINDOWS\system32\pnrpnsp.dll
0x00007fff60040000 - 0x00007fff60059000 	C:\WINDOWS\system32\NLAapi.dll
0x00007fff62190000 - 0x00007fff6219e000 	C:\WINDOWS\System32\winrnr.dll
0x0000000058940000 - 0x0000000058951000 	C:\Program Files\Java\jdk1.8.0_40\jre\bin\nio.dll
0x00007fff66680000 - 0x00007fff66697000 	C:\WINDOWS\SYSTEM32\CRYPTSP.dll
0x00007fff660b0000 - 0x00007fff660e3000 	C:\WINDOWS\system32\rsaenh.dll
0x00007fff66bb0000 - 0x00007fff66bd8000 	C:\WINDOWS\SYSTEM32\USERENV.dll
0x00007fff666a0000 - 0x00007fff666ab000 	C:\WINDOWS\SYSTEM32\CRYPTBASE.dll
0x00007fff656d0000 - 0x00007fff65899000 	C:\WINDOWS\SYSTEM32\dbghelp.dll

VM Arguments:
jvm_args: -Dfile.encoding=UTF-8 
java_command: com.srikanth.microservices.springcloudconfigserver.SpringCloudConfigServerApplication
java_class_path (initial): C:\Program Files\Java\jdk1.8.0_40\jre\lib\resources.jar;C:\Program Files\Java\jdk1.8.0_40\jre\lib\rt.jar;C:\Program Files\Java\jdk1.8.0_40\jre\lib\jsse.jar;C:\Program Files\Java\jdk1.8.0_40\jre\lib\jce.jar;C:\Program Files\Java\jdk1.8.0_40\jre\lib\charsets.jar;C:\Program Files\Java\jdk1.8.0_40\jre\lib\jfr.jar;C:\Program Files\Java\jdk1.8.0_40\jre\lib\ext\access-bridge-64.jar;C:\Program Files\Java\jdk1.8.0_40\jre\lib\ext\cldrdata.jar;C:\Program Files\Java\jdk1.8.0_40\jre\lib\ext\dnsns.jar;C:\Program Files\Java\jdk1.8.0_40\jre\lib\ext\jaccess.jar;C:\Program Files\Java\jdk1.8.0_40\jre\lib\ext\jfxrt.jar;C:\Program Files\Java\jdk1.8.0_40\jre\lib\ext\localedata.jar;C:\Program Files\Java\jdk1.8.0_40\jre\lib\ext\nashorn.jar;C:\Program Files\Java\jdk1.8.0_40\jre\lib\ext\sunec.jar;C:\Program Files\Java\jdk1.8.0_40\jre\lib\ext\sunjce_provider.jar;C:\Program Files\Java\jdk1.8.0_40\jre\lib\ext\sunmscapi.jar;C:\Program Files\Java\jdk1.8.0_40\jre\lib\ext\sunpkcs11.jar;C:\Program Files\Java\jdk1.8.0_40\jre\lib\ext\zipfs.jar;H:\Prep\spring-cloud-config-server\target\classes;C:\Users\welcome\.m2\repository\org\springframework\cloud\spring-cloud-config-server\2.1.2.BUILD-SNAPSHOT\spring-cloud-config-server-2.1.2.BUILD-SNAPSHOT.jar;C:\Users\welcome\.m2\repository\org\springframework\cloud\spring-cloud-config-client\2.1.2.BUILD-SNAPSHOT\spring-cloud-config-client-2.1.2.BUILD-SNAPSHOT.jar;C:\Users\welcome\.m2\repository\org\springframework\cloud\spring-cloud-commons\2.1.2.BUILD-SNAPSHOT\spring-cloud-commons-2.1.2.BUILD-SNAPSHOT.jar;C:\Users\welcome\.m2\repository\org\springframework\cloud\spring-cloud-context\2.1.2.BUILD-SNAPSHOT\spring-cloud-context-2.1.2.BUILD-SNAPSHOT.jar;C:\Users\welcome\.m2\repository\org\springframework\spring-web\5.1.5.RELEASE\spring-web-5.1.5.RELEASE.jar;C:\Users\welcome\.m2\repository\org\springframework\spring-beans\5.1.5.RELEASE\spring-beans-5.1.5.RELEASE.jar;C:\Users\welcome\.m2\repository\com\fasterxml\jackson\core\jackson-annota
Launcher Type: SUN_STANDARD

Environment Variables:
JAVA_HOME=C:\Program Files\Java\jdk1.8.0_40
JRE_HOME=C:\Program Files\Java\jre1.8.0_40
PATH=C:/Program Files/Java/jdk1.8.0_40/bin/../jre/bin/server;C:/Program Files/Java/jdk1.8.0_40/bin/../jre/bin;C:/Program Files/Java/jdk1.8.0_40/bin/../jre/lib/amd64;C:\Program Files\apache-maven-3.5.0\bin;C:\Program Files (x86)\Skype\Phone\;C:\Program Files\Java\jdk1.8.0_40\bin;C:\Program Files\Java\jre1.8.0_40\bin;C:\Program Files\Git\cmd;C:\Program Files (x86)\Brackets\command;C:\WINDOWS\system32;C:\WINDOWS;C:\WINDOWS\System32\Wbem;C:\WINDOWS\System32\WindowsPowerShell\v1.0\;C:\Program Files\nodejs\;;C:\WINDOWS\System32\OpenSSH\;C:\Program Files\Microsoft SQL Server\Client SDK\ODBC\130\Tools\Binn\;C:\Program Files (x86)\Microsoft SQL Server\140\Tools\Binn\;C:\Program Files\Microsoft SQL Server\140\Tools\Binn\;C:\Program Files\Microsoft SQL Server\140\DTS\Binn\;C:\Program Files (x86)\Microsoft SQL Server\Client SDK\ODBC\130\Tools\Binn\;C:\Program Files (x86)\Microsoft SQL Server\140\DTS\Binn\;C:\Program Files (x86)\Microsoft SQL Server\140\Tools\Binn\ManagementStudio\;C:\Program Files\Java\jdk1.8.0_40;C:\Users\welcome\AppData\Local\Microsoft\WindowsApps;C:\Users\welcome\AppData\Roaming\npm;;H:\eclipse;
USERNAME=SreekanthReddy
OS=Windows_NT
PROCESSOR_IDENTIFIER=Intel64 Family 6 Model 61 Stepping 4, GenuineIntel



---------------  S Y S T E M  ---------------

OS: Windows 10.0 , 64 bit Build 17134 (10.0.17134.648)

CPU:total 4 (2 cores per cpu, 2 threads per core) family 6 model 61 stepping 4, cmov, cx8, fxsr, mmx, sse, sse2, sse3, ssse3, sse4.1, sse4.2, popcnt, clmul, erms, 3dnowpref, lzcnt, ht, tsc, tscinvbit

Memory: 4k page, physical 4113068k(369732k free), swap 6161068k(5244k free)

vm_info: Java HotSpot(TM) 64-Bit Server VM (25.40-b25) for windows-amd64 JRE (1.8.0_40-b25), built on Feb 10 2015 21:53:57 by "java_re" with MS VC++ 10.0 (VS2010)

time: Sat Apr 13 16:54:32 2019
elapsed time: 223 seconds (0d 0h 3m 43s)

